Adding LIBD modules
Loading git
Loading LIBD module for git-status-size/github
Loading LIBD module for git-lfs/2.8.0
Loading LIBD module for rmate/1.5.9
Loading LIBD module for ruby/2.6.4p104
Loading conda_R/devel
Loading LIBD module for nextflow/20.01.0
## To deal with running nextflow without requesting much more memory check
https://jhpce.jhu.edu/question/why-do-i-get-memory-errors-when-running-java/.
You might want to use something like: export _JAVA_OPTIONS="-Xms5g -Xmx6g"
Unloading conda_R/devel
N E X T F L O W  ~  version 20.01.0
Launching `/dcs04/lieber/lcolladotor/deconvolution_LIBD4030/Human_DLPFC_Deconvolution/code/SPEAQeasy/main.nf` [nasty_rubens] - revision: 85fe170e7f
================================================================================
SPEAQeasy: an RNA-seq analysis pipeline from LIBD
================================================================================
---- Main options:
SPEAQeasy version : f4b09919a0d350f8c8946a025b54bfcab3793553
Working dir       : /dcs04/lieber/lcolladotor/deconvolution_LIBD4030/Human_DLPFC_Deconvolution/code/SPEAQeasy/work
Current home      : /users/lhuuki
Current user      : lhuuki
Current path      : /dcs04/lieber/lcolladotor/deconvolution_LIBD4030/Human_DLPFC_Deconvolution/code/SPEAQeasy
Annotation build  : main
Annotation dir    : /dcs04/lieber/lcolladotor/annotationFiles_LIBD001/SPEAQeasy/Annotation
Annotation release: 25
Compute coverage  : false
Custom anno label : 
ERCC spike-in     : true
Experiment name   : Human_DLPFC_Deconvolution
Full coverage     : false
Input dir         : /dcs04/lieber/lcolladotor/deconvolution_LIBD4030/Human_DLPFC_Deconvolution/raw-data/bulkRNA
Keep unpaired     : false
Output dir        : /dcs04/lieber/lcolladotor/deconvolution_LIBD4030/Human_DLPFC_Deconvolution/processed-data/01_SPEAQeasy/round2_v25_2022-07-06
Prefix            : 
Reference         : hg38
Sample            : paired
Small test        : false
Strand            : reverse
Strand mode       : accept
Trim mode         : adaptive
Keep discordant   : false
Use salmon        : false
Use STAR          : false
---- Software arguments:
Num reads for strand inference      : 2000000
Wiggletools threads                 : 10
bam2wig arguments                   : -t 4000000000
bcftools arguments                  : -mvOz
FastQC arguments                    : 
featureCounts gene arguments        : 
featureCounts exon arguments        : -O -f
HISAT2 arguments                    : --phred33 --min-intronlen 20
kallisto quant single arguments     : --single -l 200 -s 30
kallisto quant paired arguments     : 
kallisto quant ERCC single arguments: --single -l 200 -s 30
kallisto quant ERCC paired arguments: 
kallisto index arguments            : 
salmon index arguments              : -k 31
salmon quant arguments              : 
samtools arguments                  : -q 0 -Q 13 -d 1000000 -AB
STAR arguments                      : 
Adapter trimming single arguments   : 2:30:10
Adapter trimming paired arguments   : 2:30:10:1:TRUE
Quality trimming arguments          : LEADING:3 TRAILING:3 SLIDINGWINDOW:4:15 MINLEN:75
RegTools arguments                  : -m 20
wigToBigWig arguments               : -clip
================================================================================
[-        ] process > PullAssemblyFasta -

[-        ] process > PullAssemblyFasta      -
[-        ] process > PullGtf                -
[-        ] process > buildHISATindex        -
[-        ] process > BuildAnnotationObjects -
[-        ] process > PullTranscriptFasta    -
[-        ] process > BuildKallistoIndex     -

[-        ] process > PullAssemblyFasta      -
[skipped  ] process > PullGtf                [100%] 1 of 1, stored: 1 ✔
[-        ] process > buildHISATindex        -
[-        ] process > BuildAnnotationObjects -
[skipped  ] process > PullTranscriptFasta    [100%] 1 of 1, stored: 1 ✔
[-        ] process > BuildKallistoIndex     -
[-        ] process > PreprocessInputs       -
[-        ] process > InferStrandness        -
[-        ] process > CompleteManifest       -
[skipping] Stored process > PullTranscriptFasta (Downloading TX FA File: gencode.v25.transcripts.fa)
[skipping] Stored process > PullGtf (Downloading GTF File: gencode.v25.annotation.gtf)

[skipped  ] process > PullAssemblyFasta      [100%] 1 of 1, stored: 1 ✔
[skipped  ] process > PullGtf                [100%] 1 of 1, stored: 1 ✔
[skipped  ] process > buildHISATindex        [100%] 1 of 1, stored: 1 ✔
[skipped  ] process > BuildAnnotationObjects [100%] 1 of 1, stored: 1 ✔
[skipped  ] process > PullTranscriptFasta    [100%] 1 of 1, stored: 1 ✔
[skipped  ] process > BuildKallistoIndex     [100%] 1 of 1, stored: 1 ✔
[-        ] process > PreprocessInputs       -
[-        ] process > InferStrandness        -
[-        ] process > CompleteManifest       -
[-        ] process > ERCC                   -
[-        ] process > QualityUntrimmed       -
[-        ] process > Trimming               -
[-        ] process > QualityTrimmed         -
[-        ] process > PairedEndHISAT         -
[-        ] process > BamSort                -
[-        ] process > FeatureCounts          -
[-        ] process > PrimaryAlignments      -
[-        ] process > Junctions              -
[-        ] process > TXQuantKallisto        -
[skipping] Stored process > PullTranscriptFasta (Downloading TX FA File: gencode.v25.transcripts.fa)
[skipping] Stored process > PullGtf (Downloading GTF File: gencode.v25.annotation.gtf)
[skipping] Stored process > PullAssemblyFasta (Downloading Assembly FA File: GRCh38.primary_assembly.genome.fa)
[skipping] Stored process > BuildKallistoIndex
[skipping] Stored process > BuildAnnotationObjects
[skipping] Stored process > buildHISATindex (Building HISAT2 Index: hisat2_assembly_hg38_gencode_v25_main)

[skipped  ] process > PullAssemblyFasta      [100%] 1 of 1, stored: 1 ✔
[skipped  ] process > PullGtf                [100%] 1 of 1, stored: 1 ✔
[skipped  ] process > buildHISATindex        [100%] 1 of 1, stored: 1 ✔
[skipped  ] process > BuildAnnotationObjects [100%] 1 of 1, stored: 1 ✔
[skipped  ] process > PullTranscriptFasta    [100%] 1 of 1, stored: 1 ✔
[skipped  ] process > BuildKallistoIndex     [100%] 1 of 1, stored: 1 ✔
[-        ] process > PreprocessInputs       -
[-        ] process > InferStrandness        -
[-        ] process > CompleteManifest       -
[-        ] process > ERCC                   -
[-        ] process > QualityUntrimmed       -
[-        ] process > Trimming               -
[-        ] process > QualityTrimmed         -
[-        ] process > PairedEndHISAT         -
[-        ] process > BamSort                -
[-        ] process > FeatureCounts          -
[-        ] process > PrimaryAlignments      -
[-        ] process > Junctions              -
[-        ] process > TXQuantKallisto        -
[-        ] process > CountObjects           -
[-        ] process > VariantCalls           -
[-        ] process > VariantsMerge          -
[skipping] Stored process > PullTranscriptFasta (Downloading TX FA File: gencode.v25.transcripts.fa)
[skipping] Stored process > PullGtf (Downloading GTF File: gencode.v25.annotation.gtf)
[skipping] Stored process > PullAssemblyFasta (Downloading Assembly FA File: GRCh38.primary_assembly.genome.fa)
[skipping] Stored process > BuildKallistoIndex
[skipping] Stored process > BuildAnnotationObjects
[skipping] Stored process > buildHISATindex (Building HISAT2 Index: hisat2_assembly_hg38_gencode_v25_main)

[skipped  ] process > PullAssemblyFasta      [100%] 1 of 1, stored: 1 ✔
[skipped  ] process > PullGtf                [100%] 1 of 1, stored: 1 ✔
[skipped  ] process > buildHISATindex        [100%] 1 of 1, stored: 1 ✔
[skipped  ] process > BuildAnnotationObjects [100%] 1 of 1, stored: 1 ✔
[skipped  ] process > PullTranscriptFasta    [100%] 1 of 1, stored: 1 ✔
[skipped  ] process > BuildKallistoIndex     [100%] 1 of 1, stored: 1 ✔
[31/252859] process > PreprocessInputs       [100%] 1 of 1, cached: 1
[-        ] process > InferStrandness        -
[-        ] process > CompleteManifest       -
[-        ] process > ERCC                   -
[-        ] process > QualityUntrimmed       -
[-        ] process > Trimming               -
[-        ] process > QualityTrimmed         -
[-        ] process > PairedEndHISAT         -
[-        ] process > BamSort                -
[-        ] process > FeatureCounts          -
[-        ] process > PrimaryAlignments      -
[-        ] process > Junctions              -
[-        ] process > TXQuantKallisto        -
[-        ] process > CountObjects           -
[-        ] process > VariantCalls           -
[-        ] process > VariantsMerge          -
[skipping] Stored process > PullTranscriptFasta (Downloading TX FA File: gencode.v25.transcripts.fa)
[skipping] Stored process > PullGtf (Downloading GTF File: gencode.v25.annotation.gtf)
[skipping] Stored process > PullAssemblyFasta (Downloading Assembly FA File: GRCh38.primary_assembly.genome.fa)
[skipping] Stored process > BuildKallistoIndex
[skipping] Stored process > BuildAnnotationObjects
[skipping] Stored process > buildHISATindex (Building HISAT2 Index: hisat2_assembly_hg38_gencode_v25_main)

[skipped  ] process > PullAssemblyFasta      [100%] 1 of 1, stored: 1 ✔
[skipped  ] process > PullGtf                [100%] 1 of 1, stored: 1 ✔
[skipped  ] process > buildHISATindex        [100%] 1 of 1, stored: 1 ✔
[skipped  ] process > BuildAnnotationObjects [100%] 1 of 1, stored: 1 ✔
[skipped  ] process > PullTranscriptFasta    [100%] 1 of 1, stored: 1 ✔
[skipped  ] process > BuildKallistoIndex     [100%] 1 of 1, stored: 1 ✔
[31/252859] process > PreprocessInputs       [100%] 1 of 1, cached: 1 ✔
[-        ] process > InferStrandness        -
[-        ] process > CompleteManifest       -
[-        ] process > ERCC                   -
[-        ] process > QualityUntrimmed       -
[-        ] process > Trimming               -
[-        ] process > QualityTrimmed         -
[-        ] process > PairedEndHISAT         -
[-        ] process > BamSort                -
[-        ] process > FeatureCounts          -
[-        ] process > PrimaryAlignments      -
[-        ] process > Junctions              -
[-        ] process > TXQuantKallisto        -
[-        ] process > CountObjects           -
[-        ] process > VariantCalls           -
[-        ] process > VariantsMerge          -
[skipping] Stored process > PullTranscriptFasta (Downloading TX FA File: gencode.v25.transcripts.fa)
[skipping] Stored process > PullGtf (Downloading GTF File: gencode.v25.annotation.gtf)
[skipping] Stored process > PullAssemblyFasta (Downloading Assembly FA File: GRCh38.primary_assembly.genome.fa)
[skipping] Stored process > BuildKallistoIndex
[skipping] Stored process > BuildAnnotationObjects
[skipping] Stored process > buildHISATindex (Building HISAT2 Index: hisat2_assembly_hg38_gencode_v25_main)

[skipped  ] process > PullAssemblyFasta      [100%] 1 of 1, stored: 1 ✔
[skipped  ] process > PullGtf                [100%] 1 of 1, stored: 1 ✔
[skipped  ] process > buildHISATindex        [100%] 1 of 1, stored: 1 ✔
[skipped  ] process > BuildAnnotationObjects [100%] 1 of 1, stored: 1 ✔
[skipped  ] process > PullTranscriptFasta    [100%] 1 of 1, stored: 1 ✔
[skipped  ] process > BuildKallistoIndex     [100%] 1 of 1, stored: 1 ✔
[31/252859] process > PreprocessInputs       [100%] 1 of 1, cached: 1 ✔
[42/84ab73] process > InferStrandness        [100%] 4 of 4, cached: 4
[-        ] process > CompleteManifest       -
[-        ] process > ERCC                   -
[cf/ff893a] process > QualityUntrimmed       [100%] 4 of 4, cached: 4
[-        ] process > Trimming               -
[-        ] process > QualityTrimmed         -
[-        ] process > PairedEndHISAT         -
[-        ] process > BamSort                -
[-        ] process > FeatureCounts          -
[-        ] process > PrimaryAlignments      -
[-        ] process > Junctions              -
[-        ] process > TXQuantKallisto        -
[-        ] process > CountObjects           -
[-        ] process > VariantCalls           -
[-        ] process > VariantsMerge          -
[skipping] Stored process > PullTranscriptFasta (Downloading TX FA File: gencode.v25.transcripts.fa)
[skipping] Stored process > PullGtf (Downloading GTF File: gencode.v25.annotation.gtf)
[skipping] Stored process > PullAssemblyFasta (Downloading Assembly FA File: GRCh38.primary_assembly.genome.fa)
[skipping] Stored process > BuildKallistoIndex
[skipping] Stored process > BuildAnnotationObjects
[skipping] Stored process > buildHISATindex (Building HISAT2 Index: hisat2_assembly_hg38_gencode_v25_main)

[skipped  ] process > PullAssemblyFasta      [100%] 1 of 1, stored: 1 ✔
[skipped  ] process > PullGtf                [100%] 1 of 1, stored: 1 ✔
[skipped  ] process > buildHISATindex        [100%] 1 of 1, stored: 1 ✔
[skipped  ] process > BuildAnnotationObjects [100%] 1 of 1, stored: 1 ✔
[skipped  ] process > PullTranscriptFasta    [100%] 1 of 1, stored: 1 ✔
[skipped  ] process > BuildKallistoIndex     [100%] 1 of 1, stored: 1 ✔
[31/252859] process > PreprocessInputs       [100%] 1 of 1, cached: 1 ✔
[aa/04e192] process > InferStrandness        [100%] 11 of 11, cached: 11
[-        ] process > CompleteManifest       -
[-        ] process > ERCC                   -
[15/073ed5] process > QualityUntrimmed       [100%] 8 of 8, cached: 8
[-        ] process > Trimming               -
[-        ] process > QualityTrimmed         -
[-        ] process > PairedEndHISAT         -
[-        ] process > BamSort                -
[-        ] process > FeatureCounts          -
[-        ] process > PrimaryAlignments      -
[-        ] process > Junctions              -
[-        ] process > TXQuantKallisto        -
[-        ] process > CountObjects           -
[-        ] process > VariantCalls           -
[-        ] process > VariantsMerge          -
[skipping] Stored process > PullTranscriptFasta (Downloading TX FA File: gencode.v25.transcripts.fa)
[skipping] Stored process > PullGtf (Downloading GTF File: gencode.v25.annotation.gtf)
[skipping] Stored process > PullAssemblyFasta (Downloading Assembly FA File: GRCh38.primary_assembly.genome.fa)
[skipping] Stored process > BuildKallistoIndex
[skipping] Stored process > BuildAnnotationObjects
[skipping] Stored process > buildHISATindex (Building HISAT2 Index: hisat2_assembly_hg38_gencode_v25_main)

[skipped  ] process > PullAssemblyFasta      [100%] 1 of 1, stored: 1 ✔
[skipped  ] process > PullGtf                [100%] 1 of 1, stored: 1 ✔
[skipped  ] process > buildHISATindex        [100%] 1 of 1, stored: 1 ✔
[skipped  ] process > BuildAnnotationObjects [100%] 1 of 1, stored: 1 ✔
[skipped  ] process > PullTranscriptFasta    [100%] 1 of 1, stored: 1 ✔
[skipped  ] process > BuildKallistoIndex     [100%] 1 of 1, stored: 1 ✔
[31/252859] process > PreprocessInputs       [100%] 1 of 1, cached: 1 ✔
[77/c864f1] process > InferStrandness        [100%] 16 of 16, cached: 16
[-        ] process > CompleteManifest       -
[-        ] process > ERCC                   -
[15/073ed5] process > QualityUntrimmed       [100%] 8 of 8, cached: 8
[-        ] process > Trimming               -
[-        ] process > QualityTrimmed         -
[-        ] process > PairedEndHISAT         -
[-        ] process > BamSort                -
[-        ] process > FeatureCounts          -
[-        ] process > PrimaryAlignments      -
[-        ] process > Junctions              -
[-        ] process > TXQuantKallisto        -
[-        ] process > CountObjects           -
[-        ] process > VariantCalls           -
[-        ] process > VariantsMerge          -
[skipping] Stored process > PullTranscriptFasta (Downloading TX FA File: gencode.v25.transcripts.fa)
[skipping] Stored process > PullGtf (Downloading GTF File: gencode.v25.annotation.gtf)
[skipping] Stored process > PullAssemblyFasta (Downloading Assembly FA File: GRCh38.primary_assembly.genome.fa)
[skipping] Stored process > BuildKallistoIndex
[skipping] Stored process > BuildAnnotationObjects
[skipping] Stored process > buildHISATindex (Building HISAT2 Index: hisat2_assembly_hg38_gencode_v25_main)

[skipped  ] process > PullAssemblyFasta      [100%] 1 of 1, stored: 1 ✔
[skipped  ] process > PullGtf                [100%] 1 of 1, stored: 1 ✔
[skipped  ] process > buildHISATindex        [100%] 1 of 1, stored: 1 ✔
[skipped  ] process > BuildAnnotationObjects [100%] 1 of 1, stored: 1 ✔
[skipped  ] process > PullTranscriptFasta    [100%] 1 of 1, stored: 1 ✔
[skipped  ] process > BuildKallistoIndex     [100%] 1 of 1, stored: 1 ✔
[31/252859] process > PreprocessInputs       [100%] 1 of 1, cached: 1 ✔
[09/261553] process > InferStrandness        [100%] 29 of 29, cached: 29
[-        ] process > CompleteManifest       -
[-        ] process > ERCC                   -
[31/2ec258] process > QualityUntrimmed       [100%] 14 of 14, cached: 14
[-        ] process > Trimming               -
[-        ] process > QualityTrimmed         -
[-        ] process > PairedEndHISAT         -
[-        ] process > BamSort                -
[-        ] process > FeatureCounts          -
[-        ] process > PrimaryAlignments      -
[-        ] process > Junctions              -
[-        ] process > TXQuantKallisto        -
[-        ] process > CountObjects           -
[-        ] process > VariantCalls           -
[-        ] process > VariantsMerge          -
[skipping] Stored process > PullTranscriptFasta (Downloading TX FA File: gencode.v25.transcripts.fa)
[skipping] Stored process > PullGtf (Downloading GTF File: gencode.v25.annotation.gtf)
[skipping] Stored process > PullAssemblyFasta (Downloading Assembly FA File: GRCh38.primary_assembly.genome.fa)
[skipping] Stored process > BuildKallistoIndex
[skipping] Stored process > BuildAnnotationObjects
[skipping] Stored process > buildHISATindex (Building HISAT2 Index: hisat2_assembly_hg38_gencode_v25_main)

[skipped  ] process > PullAssemblyFasta      [100%] 1 of 1, stored: 1 ✔
[skipped  ] process > PullGtf                [100%] 1 of 1, stored: 1 ✔
[skipped  ] process > buildHISATindex        [100%] 1 of 1, stored: 1 ✔
[skipped  ] process > BuildAnnotationObjects [100%] 1 of 1, stored: 1 ✔
[skipped  ] process > PullTranscriptFasta    [100%] 1 of 1, stored: 1 ✔
[skipped  ] process > BuildKallistoIndex     [100%] 1 of 1, stored: 1 ✔
[31/252859] process > PreprocessInputs       [100%] 1 of 1, cached: 1 ✔
[8b/d099b1] process > InferStrandness        [100%] 46 of 46, cached: 46
[-        ] process > CompleteManifest       -
[-        ] process > ERCC                   -
[1f/6a601c] process > QualityUntrimmed       [100%] 20 of 20, cached: 20
[-        ] process > Trimming               -
[-        ] process > QualityTrimmed         -
[-        ] process > PairedEndHISAT         -
[-        ] process > BamSort                -
[-        ] process > FeatureCounts          -
[-        ] process > PrimaryAlignments      -
[-        ] process > Junctions              -
[-        ] process > TXQuantKallisto        -
[-        ] process > CountObjects           -
[-        ] process > VariantCalls           -
[-        ] process > VariantsMerge          -
[skipping] Stored process > PullTranscriptFasta (Downloading TX FA File: gencode.v25.transcripts.fa)
[skipping] Stored process > PullGtf (Downloading GTF File: gencode.v25.annotation.gtf)
[skipping] Stored process > PullAssemblyFasta (Downloading Assembly FA File: GRCh38.primary_assembly.genome.fa)
[skipping] Stored process > BuildKallistoIndex
[skipping] Stored process > BuildAnnotationObjects
[skipping] Stored process > buildHISATindex (Building HISAT2 Index: hisat2_assembly_hg38_gencode_v25_main)

[skipped  ] process > PullAssemblyFasta      [100%] 1 of 1, stored: 1 ✔
[skipped  ] process > PullGtf                [100%] 1 of 1, stored: 1 ✔
[skipped  ] process > buildHISATindex        [100%] 1 of 1, stored: 1 ✔
[skipped  ] process > BuildAnnotationObjects [100%] 1 of 1, stored: 1 ✔
[skipped  ] process > PullTranscriptFasta    [100%] 1 of 1, stored: 1 ✔
[skipped  ] process > BuildKallistoIndex     [100%] 1 of 1, stored: 1 ✔
[31/252859] process > PreprocessInputs       [100%] 1 of 1, cached: 1 ✔
[fe/363921] process > InferStrandness        [100%] 60 of 60, cached: 60
[-        ] process > CompleteManifest       -
[-        ] process > ERCC                   -
[09/613944] process > QualityUntrimmed       [100%] 25 of 25, cached: 25
[-        ] process > Trimming               -
[-        ] process > QualityTrimmed         -
[-        ] process > PairedEndHISAT         -
[-        ] process > BamSort                -
[-        ] process > FeatureCounts          -
[-        ] process > PrimaryAlignments      -
[-        ] process > Junctions              -
[-        ] process > TXQuantKallisto        -
[-        ] process > CountObjects           -
[-        ] process > VariantCalls           -
[-        ] process > VariantsMerge          -
[skipping] Stored process > PullTranscriptFasta (Downloading TX FA File: gencode.v25.transcripts.fa)
[skipping] Stored process > PullGtf (Downloading GTF File: gencode.v25.annotation.gtf)
[skipping] Stored process > PullAssemblyFasta (Downloading Assembly FA File: GRCh38.primary_assembly.genome.fa)
[skipping] Stored process > BuildKallistoIndex
[skipping] Stored process > BuildAnnotationObjects
[skipping] Stored process > buildHISATindex (Building HISAT2 Index: hisat2_assembly_hg38_gencode_v25_main)

[skipped  ] process > PullAssemblyFasta      [100%] 1 of 1, stored: 1 ✔
[skipped  ] process > PullGtf                [100%] 1 of 1, stored: 1 ✔
[skipped  ] process > buildHISATindex        [100%] 1 of 1, stored: 1 ✔
[skipped  ] process > BuildAnnotationObjects [100%] 1 of 1, stored: 1 ✔
[skipped  ] process > PullTranscriptFasta    [100%] 1 of 1, stored: 1 ✔
[skipped  ] process > BuildKallistoIndex     [100%] 1 of 1, stored: 1 ✔
[31/252859] process > PreprocessInputs       [100%] 1 of 1, cached: 1 ✔
[66/110e00] process > InferStrandness        [100%] 76 of 76, cached: 76
[-        ] process > CompleteManifest       -
[-        ] process > ERCC                   -
[b3/b9af50] process > QualityUntrimmed       [100%] 31 of 31, cached: 31
[-        ] process > Trimming               -
[-        ] process > QualityTrimmed         -
[-        ] process > PairedEndHISAT         -
[-        ] process > BamSort                -
[-        ] process > FeatureCounts          -
[-        ] process > PrimaryAlignments      -
[-        ] process > Junctions              -
[-        ] process > TXQuantKallisto        -
[-        ] process > CountObjects           -
[-        ] process > VariantCalls           -
[-        ] process > VariantsMerge          -
[skipping] Stored process > PullTranscriptFasta (Downloading TX FA File: gencode.v25.transcripts.fa)
[skipping] Stored process > PullGtf (Downloading GTF File: gencode.v25.annotation.gtf)
[skipping] Stored process > PullAssemblyFasta (Downloading Assembly FA File: GRCh38.primary_assembly.genome.fa)
[skipping] Stored process > BuildKallistoIndex
[skipping] Stored process > BuildAnnotationObjects
[skipping] Stored process > buildHISATindex (Building HISAT2 Index: hisat2_assembly_hg38_gencode_v25_main)

[skipped  ] process > PullAssemblyFasta      [100%] 1 of 1, stored: 1 ✔
[skipped  ] process > PullGtf                [100%] 1 of 1, stored: 1 ✔
[skipped  ] process > buildHISATindex        [100%] 1 of 1, stored: 1 ✔
[skipped  ] process > BuildAnnotationObjects [100%] 1 of 1, stored: 1 ✔
[skipped  ] process > PullTranscriptFasta    [100%] 1 of 1, stored: 1 ✔
[skipped  ] process > BuildKallistoIndex     [100%] 1 of 1, stored: 1 ✔
[31/252859] process > PreprocessInputs       [100%] 1 of 1, cached: 1 ✔
[01/e5bd4a] process > InferStrandness        [100%] 92 of 92, cached: 92
[-        ] process > CompleteManifest       -
[-        ] process > ERCC                   -
[ff/0f1e21] process > QualityUntrimmed       [100%] 37 of 37, cached: 37
[-        ] process > Trimming               -
[-        ] process > QualityTrimmed         -
[-        ] process > PairedEndHISAT         -
[-        ] process > BamSort                -
[-        ] process > FeatureCounts          -
[-        ] process > PrimaryAlignments      -
[-        ] process > Junctions              -
[-        ] process > TXQuantKallisto        -
[-        ] process > CountObjects           -
[-        ] process > VariantCalls           -
[-        ] process > VariantsMerge          -
[skipping] Stored process > PullTranscriptFasta (Downloading TX FA File: gencode.v25.transcripts.fa)
[skipping] Stored process > PullGtf (Downloading GTF File: gencode.v25.annotation.gtf)
[skipping] Stored process > PullAssemblyFasta (Downloading Assembly FA File: GRCh38.primary_assembly.genome.fa)
[skipping] Stored process > BuildKallistoIndex
[skipping] Stored process > BuildAnnotationObjects
[skipping] Stored process > buildHISATindex (Building HISAT2 Index: hisat2_assembly_hg38_gencode_v25_main)

[skipped  ] process > PullAssemblyFasta      [100%] 1 of 1, stored: 1 ✔
[skipped  ] process > PullGtf                [100%] 1 of 1, stored: 1 ✔
[skipped  ] process > buildHISATindex        [100%] 1 of 1, stored: 1 ✔
[skipped  ] process > BuildAnnotationObjects [100%] 1 of 1, stored: 1 ✔
[skipped  ] process > PullTranscriptFasta    [100%] 1 of 1, stored: 1 ✔
[skipped  ] process > BuildKallistoIndex     [100%] 1 of 1, stored: 1 ✔
[31/252859] process > PreprocessInputs       [100%] 1 of 1, cached: 1 ✔
[ff/9ee3d5] process > InferStrandness        [100%] 113 of 113, cached: 113 ✔
[-        ] process > CompleteManifest       -
[-        ] process > ERCC                   -
[59/d3364c] process > QualityUntrimmed       [100%] 42 of 42, cached: 42
[-        ] process > Trimming               -
[-        ] process > QualityTrimmed         -
[-        ] process > PairedEndHISAT         -
[-        ] process > BamSort                -
[-        ] process > FeatureCounts          -
[-        ] process > PrimaryAlignments      -
[-        ] process > Junctions              -
[-        ] process > TXQuantKallisto        -
[-        ] process > CountObjects           -
[-        ] process > VariantCalls           -
[-        ] process > VariantsMerge          -
[skipping] Stored process > PullTranscriptFasta (Downloading TX FA File: gencode.v25.transcripts.fa)
[skipping] Stored process > PullGtf (Downloading GTF File: gencode.v25.annotation.gtf)
[skipping] Stored process > PullAssemblyFasta (Downloading Assembly FA File: GRCh38.primary_assembly.genome.fa)
[skipping] Stored process > BuildKallistoIndex
[skipping] Stored process > BuildAnnotationObjects
[skipping] Stored process > buildHISATindex (Building HISAT2 Index: hisat2_assembly_hg38_gencode_v25_main)

[skipped  ] process > PullAssemblyFasta      [100%] 1 of 1, stored: 1 ✔
[skipped  ] process > PullGtf                [100%] 1 of 1, stored: 1 ✔
[skipped  ] process > buildHISATindex        [100%] 1 of 1, stored: 1 ✔
[skipped  ] process > BuildAnnotationObjects [100%] 1 of 1, stored: 1 ✔
[skipped  ] process > PullTranscriptFasta    [100%] 1 of 1, stored: 1 ✔
[skipped  ] process > BuildKallistoIndex     [100%] 1 of 1, stored: 1 ✔
[31/252859] process > PreprocessInputs       [100%] 1 of 1, cached: 1 ✔
[ff/9ee3d5] process > InferStrandness        [100%] 113 of 113, cached: 113 ✔
[85/cd0f75] process > CompleteManifest       [100%] 1 of 1, cached: 1 ✔
[d6/e8ee68] process > ERCC                   [100%] 3 of 3, cached: 3
[fa/38aa7e] process > QualityUntrimmed       [100%] 47 of 47, cached: 47
[-        ] process > Trimming               -
[-        ] process > QualityTrimmed         -
[-        ] process > PairedEndHISAT         -
[-        ] process > BamSort                -
[-        ] process > FeatureCounts          -
[-        ] process > PrimaryAlignments      -
[-        ] process > Junctions              -
[37/a44369] process > TXQuantKallisto        [100%] 3 of 3, cached: 3
[-        ] process > CountObjects           -
[-        ] process > VariantCalls           -
[-        ] process > VariantsMerge          -
[skipping] Stored process > PullTranscriptFasta (Downloading TX FA File: gencode.v25.transcripts.fa)
[skipping] Stored process > PullGtf (Downloading GTF File: gencode.v25.annotation.gtf)
[skipping] Stored process > PullAssemblyFasta (Downloading Assembly FA File: GRCh38.primary_assembly.genome.fa)
[skipping] Stored process > BuildKallistoIndex
[skipping] Stored process > BuildAnnotationObjects
[skipping] Stored process > buildHISATindex (Building HISAT2 Index: hisat2_assembly_hg38_gencode_v25_main)

[skipped  ] process > PullAssemblyFasta      [100%] 1 of 1, stored: 1 ✔
[skipped  ] process > PullGtf                [100%] 1 of 1, stored: 1 ✔
[skipped  ] process > buildHISATindex        [100%] 1 of 1, stored: 1 ✔
[skipped  ] process > BuildAnnotationObjects [100%] 1 of 1, stored: 1 ✔
[skipped  ] process > PullTranscriptFasta    [100%] 1 of 1, stored: 1 ✔
[skipped  ] process > BuildKallistoIndex     [100%] 1 of 1, stored: 1 ✔
[31/252859] process > PreprocessInputs       [100%] 1 of 1, cached: 1 ✔
[ff/9ee3d5] process > InferStrandness        [100%] 113 of 113, cached: 113 ✔
[85/cd0f75] process > CompleteManifest       [100%] 1 of 1, cached: 1 ✔
[61/b25731] process > ERCC                   [100%] 17 of 17, cached: 17
[22/d6efec] process > QualityUntrimmed       [100%] 52 of 52, cached: 52
[-        ] process > Trimming               -
[-        ] process > QualityTrimmed         -
[-        ] process > PairedEndHISAT         -
[-        ] process > BamSort                -
[-        ] process > FeatureCounts          -
[-        ] process > PrimaryAlignments      -
[-        ] process > Junctions              -
[be/d0b9d8] process > TXQuantKallisto        [ 89%] 17 of 19, cached: 17
[-        ] process > CountObjects           -
[-        ] process > VariantCalls           -
[-        ] process > VariantsMerge          -
[skipping] Stored process > PullTranscriptFasta (Downloading TX FA File: gencode.v25.transcripts.fa)
[skipping] Stored process > PullGtf (Downloading GTF File: gencode.v25.annotation.gtf)
[skipping] Stored process > PullAssemblyFasta (Downloading Assembly FA File: GRCh38.primary_assembly.genome.fa)
[skipping] Stored process > BuildKallistoIndex
[skipping] Stored process > BuildAnnotationObjects
[skipping] Stored process > buildHISATindex (Building HISAT2 Index: hisat2_assembly_hg38_gencode_v25_main)

[skipped  ] process > PullAssemblyFasta      [100%] 1 of 1, stored: 1 ✔
[skipped  ] process > PullGtf                [100%] 1 of 1, stored: 1 ✔
[skipped  ] process > buildHISATindex        [100%] 1 of 1, stored: 1 ✔
[skipped  ] process > BuildAnnotationObjects [100%] 1 of 1, stored: 1 ✔
[skipped  ] process > PullTranscriptFasta    [100%] 1 of 1, stored: 1 ✔
[skipped  ] process > BuildKallistoIndex     [100%] 1 of 1, stored: 1 ✔
[31/252859] process > PreprocessInputs       [100%] 1 of 1, cached: 1 ✔
[ff/9ee3d5] process > InferStrandness        [100%] 113 of 113, cached: 113 ✔
[85/cd0f75] process > CompleteManifest       [100%] 1 of 1, cached: 1 ✔
[2a/b1d76f] process > ERCC                   [ 59%] 22 of 37, cached: 22
[14/950824] process > QualityUntrimmed       [100%] 58 of 58, cached: 58
[-        ] process > Trimming               -
[-        ] process > QualityTrimmed         -
[-        ] process > PairedEndHISAT         -
[-        ] process > BamSort                -
[-        ] process > FeatureCounts          -
[-        ] process > PrimaryAlignments      -
[-        ] process > Junctions              -
[10/e48de9] process > TXQuantKallisto        [ 58%] 19 of 33, cached: 19
[-        ] process > CountObjects           -
[-        ] process > VariantCalls           -
[-        ] process > VariantsMerge          -
[skipping] Stored process > PullTranscriptFasta (Downloading TX FA File: gencode.v25.transcripts.fa)
[skipping] Stored process > PullGtf (Downloading GTF File: gencode.v25.annotation.gtf)
[skipping] Stored process > PullAssemblyFasta (Downloading Assembly FA File: GRCh38.primary_assembly.genome.fa)
[skipping] Stored process > BuildKallistoIndex
[skipping] Stored process > BuildAnnotationObjects
[skipping] Stored process > buildHISATindex (Building HISAT2 Index: hisat2_assembly_hg38_gencode_v25_main)

[skipped  ] process > PullAssemblyFasta      [100%] 1 of 1, stored: 1 ✔
[skipped  ] process > PullGtf                [100%] 1 of 1, stored: 1 ✔
[skipped  ] process > buildHISATindex        [100%] 1 of 1, stored: 1 ✔
[skipped  ] process > BuildAnnotationObjects [100%] 1 of 1, stored: 1 ✔
[skipped  ] process > PullTranscriptFasta    [100%] 1 of 1, stored: 1 ✔
[skipped  ] process > BuildKallistoIndex     [100%] 1 of 1, stored: 1 ✔
[31/252859] process > PreprocessInputs       [100%] 1 of 1, cached: 1 ✔
[ff/9ee3d5] process > InferStrandness        [100%] 113 of 113, cached: 113 ✔
[85/cd0f75] process > CompleteManifest       [100%] 1 of 1, cached: 1 ✔
[80/551b99] process > ERCC                   [ 44%] 24 of 55, cached: 24
[fc/20ed8c] process > QualityUntrimmed       [100%] 65 of 65, cached: 65
[-        ] process > Trimming               -
[-        ] process > QualityTrimmed         -
[-        ] process > PairedEndHISAT         -
[-        ] process > BamSort                -
[-        ] process > FeatureCounts          -
[-        ] process > PrimaryAlignments      -
[-        ] process > Junctions              -
[65/a71f26] process > TXQuantKallisto        [ 37%] 21 of 57, cached: 21
[-        ] process > CountObjects           -
[-        ] process > VariantCalls           -
[-        ] process > VariantsMerge          -
[skipping] Stored process > PullTranscriptFasta (Downloading TX FA File: gencode.v25.transcripts.fa)
[skipping] Stored process > PullGtf (Downloading GTF File: gencode.v25.annotation.gtf)
[skipping] Stored process > PullAssemblyFasta (Downloading Assembly FA File: GRCh38.primary_assembly.genome.fa)
[skipping] Stored process > BuildKallistoIndex
[skipping] Stored process > BuildAnnotationObjects
[skipping] Stored process > buildHISATindex (Building HISAT2 Index: hisat2_assembly_hg38_gencode_v25_main)

[skipped  ] process > PullAssemblyFasta      [100%] 1 of 1, stored: 1 ✔
[skipped  ] process > PullGtf                [100%] 1 of 1, stored: 1 ✔
[skipped  ] process > buildHISATindex        [100%] 1 of 1, stored: 1 ✔
[skipped  ] process > BuildAnnotationObjects [100%] 1 of 1, stored: 1 ✔
[skipped  ] process > PullTranscriptFasta    [100%] 1 of 1, stored: 1 ✔
[skipped  ] process > BuildKallistoIndex     [100%] 1 of 1, stored: 1 ✔
[31/252859] process > PreprocessInputs       [100%] 1 of 1, cached: 1 ✔
[ff/9ee3d5] process > InferStrandness        [100%] 113 of 113, cached: 113 ✔
[85/cd0f75] process > CompleteManifest       [100%] 1 of 1, cached: 1 ✔
[4b/d9900f] process > ERCC                   [ 35%] 30 of 86, cached: 30
[c0/7a71a5] process > QualityUntrimmed       [100%] 72 of 72, cached: 72
[-        ] process > Trimming               -
[-        ] process > QualityTrimmed         -
[-        ] process > PairedEndHISAT         -
[-        ] process > BamSort                -
[-        ] process > FeatureCounts          -
[-        ] process > PrimaryAlignments      -
[-        ] process > Junctions              -
[cd/7fadf9] process > TXQuantKallisto        [ 30%] 25 of 83, cached: 25
[-        ] process > CountObjects           -
[-        ] process > VariantCalls           -
[-        ] process > VariantsMerge          -
[skipping] Stored process > PullTranscriptFasta (Downloading TX FA File: gencode.v25.transcripts.fa)
[skipping] Stored process > PullGtf (Downloading GTF File: gencode.v25.annotation.gtf)
[skipping] Stored process > PullAssemblyFasta (Downloading Assembly FA File: GRCh38.primary_assembly.genome.fa)
[skipping] Stored process > BuildKallistoIndex
[skipping] Stored process > BuildAnnotationObjects
[skipping] Stored process > buildHISATindex (Building HISAT2 Index: hisat2_assembly_hg38_gencode_v25_main)

[skipped  ] process > PullAssemblyFasta      [100%] 1 of 1, stored: 1 ✔
[skipped  ] process > PullGtf                [100%] 1 of 1, stored: 1 ✔
[skipped  ] process > buildHISATindex        [100%] 1 of 1, stored: 1 ✔
[skipped  ] process > BuildAnnotationObjects [100%] 1 of 1, stored: 1 ✔
[skipped  ] process > PullTranscriptFasta    [100%] 1 of 1, stored: 1 ✔
[skipped  ] process > BuildKallistoIndex     [100%] 1 of 1, stored: 1 ✔
[31/252859] process > PreprocessInputs       [100%] 1 of 1, cached: 1 ✔
[ff/9ee3d5] process > InferStrandness        [100%] 113 of 113, cached: 113 ✔
[85/cd0f75] process > CompleteManifest       [100%] 1 of 1, cached: 1 ✔
[09/c875ec] process > ERCC                   [ 32%] 35 of 108, cached: 35
[b8/59309d] process > QualityUntrimmed       [100%] 76 of 76, cached: 76
[-        ] process > Trimming               -
[-        ] process > QualityTrimmed         -
[-        ] process > PairedEndHISAT         -
[-        ] process > BamSort                -
[-        ] process > FeatureCounts          -
[-        ] process > PrimaryAlignments      -
[-        ] process > Junctions              -
[61/c67f69] process > TXQuantKallisto        [ 26%] 28 of 109, cached: 28
[-        ] process > CountObjects           -
[-        ] process > VariantCalls           -
[-        ] process > VariantsMerge          -
[skipping] Stored process > PullTranscriptFasta (Downloading TX FA File: gencode.v25.transcripts.fa)
[skipping] Stored process > PullGtf (Downloading GTF File: gencode.v25.annotation.gtf)
[skipping] Stored process > PullAssemblyFasta (Downloading Assembly FA File: GRCh38.primary_assembly.genome.fa)
[skipping] Stored process > BuildKallistoIndex
[skipping] Stored process > BuildAnnotationObjects
[skipping] Stored process > buildHISATindex (Building HISAT2 Index: hisat2_assembly_hg38_gencode_v25_main)

[skipped  ] process > PullAssemblyFasta      [100%] 1 of 1, stored: 1 ✔
[skipped  ] process > PullGtf                [100%] 1 of 1, stored: 1 ✔
[skipped  ] process > buildHISATindex        [100%] 1 of 1, stored: 1 ✔
[skipped  ] process > BuildAnnotationObjects [100%] 1 of 1, stored: 1 ✔
[skipped  ] process > PullTranscriptFasta    [100%] 1 of 1, stored: 1 ✔
[skipped  ] process > BuildKallistoIndex     [100%] 1 of 1, stored: 1 ✔
[31/252859] process > PreprocessInputs       [100%] 1 of 1, cached: 1 ✔
[ff/9ee3d5] process > InferStrandness        [100%] 113 of 113, cached: 113 ✔
[85/cd0f75] process > CompleteManifest       [100%] 1 of 1, cached: 1 ✔
[5a/4ca5e5] process > ERCC                   [ 34%] 38 of 113, cached: 38
[13/e8fbcb] process > QualityUntrimmed       [100%] 84 of 84, cached: 84
[-        ] process > Trimming               -
[-        ] process > QualityTrimmed         -
[-        ] process > PairedEndHISAT         -
[-        ] process > BamSort                -
[-        ] process > FeatureCounts          -
[-        ] process > PrimaryAlignments      -
[-        ] process > Junctions              -
[61/c67f69] process > TXQuantKallisto        [ 25%] 28 of 113, cached: 28
[-        ] process > CountObjects           -
[-        ] process > VariantCalls           -
[-        ] process > VariantsMerge          -
[skipping] Stored process > PullTranscriptFasta (Downloading TX FA File: gencode.v25.transcripts.fa)
[skipping] Stored process > PullGtf (Downloading GTF File: gencode.v25.annotation.gtf)
[skipping] Stored process > PullAssemblyFasta (Downloading Assembly FA File: GRCh38.primary_assembly.genome.fa)
[skipping] Stored process > BuildKallistoIndex
[skipping] Stored process > BuildAnnotationObjects
[skipping] Stored process > buildHISATindex (Building HISAT2 Index: hisat2_assembly_hg38_gencode_v25_main)

[skipped  ] process > PullAssemblyFasta      [100%] 1 of 1, stored: 1 ✔
[skipped  ] process > PullGtf                [100%] 1 of 1, stored: 1 ✔
[skipped  ] process > buildHISATindex        [100%] 1 of 1, stored: 1 ✔
[skipped  ] process > BuildAnnotationObjects [100%] 1 of 1, stored: 1 ✔
[skipped  ] process > PullTranscriptFasta    [100%] 1 of 1, stored: 1 ✔
[skipped  ] process > BuildKallistoIndex     [100%] 1 of 1, stored: 1 ✔
[31/252859] process > PreprocessInputs       [100%] 1 of 1, cached: 1 ✔
[ff/9ee3d5] process > InferStrandness        [100%] 113 of 113, cached: 113 ✔
[85/cd0f75] process > CompleteManifest       [100%] 1 of 1, cached: 1 ✔
[5a/4ca5e5] process > ERCC                   [ 34%] 38 of 113, cached: 38
[19/a8ed82] process > QualityUntrimmed       [100%] 89 of 89, cached: 89
[-        ] process > Trimming               -
[-        ] process > QualityTrimmed         -
[-        ] process > PairedEndHISAT         -
[-        ] process > BamSort                -
[-        ] process > FeatureCounts          -
[-        ] process > PrimaryAlignments      -
[-        ] process > Junctions              -
[61/c67f69] process > TXQuantKallisto        [ 25%] 28 of 113, cached: 28
[-        ] process > CountObjects           -
[-        ] process > VariantCalls           -
[-        ] process > VariantsMerge          -
[skipping] Stored process > PullTranscriptFasta (Downloading TX FA File: gencode.v25.transcripts.fa)
[skipping] Stored process > PullGtf (Downloading GTF File: gencode.v25.annotation.gtf)
[skipping] Stored process > PullAssemblyFasta (Downloading Assembly FA File: GRCh38.primary_assembly.genome.fa)
[skipping] Stored process > BuildKallistoIndex
[skipping] Stored process > BuildAnnotationObjects
[skipping] Stored process > buildHISATindex (Building HISAT2 Index: hisat2_assembly_hg38_gencode_v25_main)

executor >  sge (3)
[skipped  ] process > PullAssemblyFasta      [100%] 1 of 1, stored: 1 ✔
[skipped  ] process > PullGtf                [100%] 1 of 1, stored: 1 ✔
[skipped  ] process > buildHISATindex        [100%] 1 of 1, stored: 1 ✔
[skipped  ] process > BuildAnnotationObjects [100%] 1 of 1, stored: 1 ✔
[skipped  ] process > PullTranscriptFasta    [100%] 1 of 1, stored: 1 ✔
[skipped  ] process > BuildKallistoIndex     [100%] 1 of 1, stored: 1 ✔
[31/252859] process > PreprocessInputs       [100%] 1 of 1, cached: 1 ✔
[ff/9ee3d5] process > InferStrandness        [100%] 113 of 113, cached: 113 ✔
[85/cd0f75] process > CompleteManifest       [100%] 1 of 1, cached: 1 ✔
[5a/4ca5e5] process > ERCC                   [ 34%] 38 of 113, cached: 38
[b6/b15b87] process > QualityUntrimmed       [100%] 95 of 95, cached: 95
[-        ] process > Trimming               -
[-        ] process > QualityTrimmed         -
[-        ] process > PairedEndHISAT         -
[-        ] process > BamSort                -
[-        ] process > FeatureCounts          -
[-        ] process > PrimaryAlignments      -
[-        ] process > Junctions              -
[6f/5cd880] process > TXQuantKallisto        [ 25%] 28 of 113, cached: 28
[-        ] process > CountObjects           -
[-        ] process > VariantCalls           -
[-        ] process > VariantsMerge          -
[skipping] Stored process > PullTranscriptFasta (Downloading TX FA File: gencode.v25.transcripts.fa)
[skipping] Stored process > PullGtf (Downloading GTF File: gencode.v25.annotation.gtf)
[skipping] Stored process > PullAssemblyFasta (Downloading Assembly FA File: GRCh38.primary_assembly.genome.fa)
[skipping] Stored process > BuildKallistoIndex
[skipping] Stored process > BuildAnnotationObjects
[skipping] Stored process > buildHISATindex (Building HISAT2 Index: hisat2_assembly_hg38_gencode_v25_main)

executor >  sge (3)
[skipped  ] process > PullAssemblyFasta      [100%] 1 of 1, stored: 1 ✔
[skipped  ] process > PullGtf                [100%] 1 of 1, stored: 1 ✔
[skipped  ] process > buildHISATindex        [100%] 1 of 1, stored: 1 ✔
[skipped  ] process > BuildAnnotationObjects [100%] 1 of 1, stored: 1 ✔
[skipped  ] process > PullTranscriptFasta    [100%] 1 of 1, stored: 1 ✔
[skipped  ] process > BuildKallistoIndex     [100%] 1 of 1, stored: 1 ✔
[31/252859] process > PreprocessInputs       [100%] 1 of 1, cached: 1 ✔
[ff/9ee3d5] process > InferStrandness        [100%] 113 of 113, cached: 113 ✔
[85/cd0f75] process > CompleteManifest       [100%] 1 of 1, cached: 1 ✔
[5a/4ca5e5] process > ERCC                   [ 34%] 38 of 113, cached: 38
[b2/6b8b8d] process > QualityUntrimmed       [100%] 101 of 101, cached: 101
[-        ] process > Trimming               -
[-        ] process > QualityTrimmed         -
[-        ] process > PairedEndHISAT         -
[-        ] process > BamSort                -
[-        ] process > FeatureCounts          -
[-        ] process > PrimaryAlignments      -
[-        ] process > Junctions              -
[6f/5cd880] process > TXQuantKallisto        [ 25%] 28 of 113, cached: 28
[-        ] process > CountObjects           -
[-        ] process > VariantCalls           -
[-        ] process > VariantsMerge          -
[skipping] Stored process > PullTranscriptFasta (Downloading TX FA File: gencode.v25.transcripts.fa)
[skipping] Stored process > PullGtf (Downloading GTF File: gencode.v25.annotation.gtf)
[skipping] Stored process > PullAssemblyFasta (Downloading Assembly FA File: GRCh38.primary_assembly.genome.fa)
[skipping] Stored process > BuildKallistoIndex
[skipping] Stored process > BuildAnnotationObjects
[skipping] Stored process > buildHISATindex (Building HISAT2 Index: hisat2_assembly_hg38_gencode_v25_main)

executor >  sge (3)
[skipped  ] process > PullAssemblyFasta      [100%] 1 of 1, stored: 1 ✔
[skipped  ] process > PullGtf                [100%] 1 of 1, stored: 1 ✔
[skipped  ] process > buildHISATindex        [100%] 1 of 1, stored: 1 ✔
[skipped  ] process > BuildAnnotationObjects [100%] 1 of 1, stored: 1 ✔
[skipped  ] process > PullTranscriptFasta    [100%] 1 of 1, stored: 1 ✔
[skipped  ] process > BuildKallistoIndex     [100%] 1 of 1, stored: 1 ✔
[31/252859] process > PreprocessInputs       [100%] 1 of 1, cached: 1 ✔
[ff/9ee3d5] process > InferStrandness        [100%] 113 of 113, cached: 113 ✔
[85/cd0f75] process > CompleteManifest       [100%] 1 of 1, cached: 1 ✔
[5a/4ca5e5] process > ERCC                   [ 34%] 38 of 113, cached: 38
[9d/ae33ac] process > QualityUntrimmed       [100%] 105 of 105, cached: 105
[-        ] process > Trimming               -
[-        ] process > QualityTrimmed         -
[-        ] process > PairedEndHISAT         -
[-        ] process > BamSort                -
[-        ] process > FeatureCounts          -
[-        ] process > PrimaryAlignments      -
[-        ] process > Junctions              -
[6f/5cd880] process > TXQuantKallisto        [ 25%] 28 of 113, cached: 28
[-        ] process > CountObjects           -
[-        ] process > VariantCalls           -
[-        ] process > VariantsMerge          -
[skipping] Stored process > PullTranscriptFasta (Downloading TX FA File: gencode.v25.transcripts.fa)
[skipping] Stored process > PullGtf (Downloading GTF File: gencode.v25.annotation.gtf)
[skipping] Stored process > PullAssemblyFasta (Downloading Assembly FA File: GRCh38.primary_assembly.genome.fa)
[skipping] Stored process > BuildKallistoIndex
[skipping] Stored process > BuildAnnotationObjects
[skipping] Stored process > buildHISATindex (Building HISAT2 Index: hisat2_assembly_hg38_gencode_v25_main)

executor >  sge (3)
[skipped  ] process > PullAssemblyFasta      [100%] 1 of 1, stored: 1 ✔
[skipped  ] process > PullGtf                [100%] 1 of 1, stored: 1 ✔
[skipped  ] process > buildHISATindex        [100%] 1 of 1, stored: 1 ✔
[skipped  ] process > BuildAnnotationObjects [100%] 1 of 1, stored: 1 ✔
[skipped  ] process > PullTranscriptFasta    [100%] 1 of 1, stored: 1 ✔
[skipped  ] process > BuildKallistoIndex     [100%] 1 of 1, stored: 1 ✔
[31/252859] process > PreprocessInputs       [100%] 1 of 1, cached: 1 ✔
[ff/9ee3d5] process > InferStrandness        [100%] 113 of 113, cached: 113 ✔
[85/cd0f75] process > CompleteManifest       [100%] 1 of 1, cached: 1 ✔
[5a/4ca5e5] process > ERCC                   [ 34%] 38 of 113, cached: 38
[d0/c2e5f2] process > QualityUntrimmed       [100%] 112 of 112, cached: 112
[-        ] process > Trimming               -
[-        ] process > QualityTrimmed         -
[-        ] process > PairedEndHISAT         -
[-        ] process > BamSort                -
[-        ] process > FeatureCounts          -
[-        ] process > PrimaryAlignments      -
[-        ] process > Junctions              -
[6f/5cd880] process > TXQuantKallisto        [ 25%] 28 of 113, cached: 28
[-        ] process > CountObjects           -
[-        ] process > VariantCalls           -
[-        ] process > VariantsMerge          -
[skipping] Stored process > PullTranscriptFasta (Downloading TX FA File: gencode.v25.transcripts.fa)
[skipping] Stored process > PullGtf (Downloading GTF File: gencode.v25.annotation.gtf)
[skipping] Stored process > PullAssemblyFasta (Downloading Assembly FA File: GRCh38.primary_assembly.genome.fa)
[skipping] Stored process > BuildKallistoIndex
[skipping] Stored process > BuildAnnotationObjects
[skipping] Stored process > buildHISATindex (Building HISAT2 Index: hisat2_assembly_hg38_gencode_v25_main)

executor >  sge (4)
[skipped  ] process > PullAssemblyFasta      [100%] 1 of 1, stored: 1 ✔
[skipped  ] process > PullGtf                [100%] 1 of 1, stored: 1 ✔
[skipped  ] process > buildHISATindex        [100%] 1 of 1, stored: 1 ✔
[skipped  ] process > BuildAnnotationObjects [100%] 1 of 1, stored: 1 ✔
[skipped  ] process > PullTranscriptFasta    [100%] 1 of 1, stored: 1 ✔
[skipped  ] process > BuildKallistoIndex     [100%] 1 of 1, stored: 1 ✔
[31/252859] process > PreprocessInputs       [100%] 1 of 1, cached: 1 ✔
[ff/9ee3d5] process > InferStrandness        [100%] 113 of 113, cached: 113 ✔
[85/cd0f75] process > CompleteManifest       [100%] 1 of 1, cached: 1 ✔
[5a/4ca5e5] process > ERCC                   [ 34%] 38 of 113, cached: 38
[3f/84fb79] process > QualityUntrimmed       [100%] 113 of 113, cached: 113 ✔
[82/407278] process > Trimming               [100%] 2 of 2, cached: 2
[-        ] process > QualityTrimmed         -
[-        ] process > PairedEndHISAT         -
[-        ] process > BamSort                -
[-        ] process > FeatureCounts          -
[-        ] process > PrimaryAlignments      -
[-        ] process > Junctions              -
[85/b57b5b] process > TXQuantKallisto        [ 25%] 28 of 113, cached: 28
[-        ] process > CountObjects           -
[-        ] process > VariantCalls           -
[-        ] process > VariantsMerge          -
[skipping] Stored process > PullTranscriptFasta (Downloading TX FA File: gencode.v25.transcripts.fa)
[skipping] Stored process > PullGtf (Downloading GTF File: gencode.v25.annotation.gtf)
[skipping] Stored process > PullAssemblyFasta (Downloading Assembly FA File: GRCh38.primary_assembly.genome.fa)
[skipping] Stored process > BuildKallistoIndex
[skipping] Stored process > BuildAnnotationObjects
[skipping] Stored process > buildHISATindex (Building HISAT2 Index: hisat2_assembly_hg38_gencode_v25_main)

executor >  sge (4)
[skipped  ] process > PullAssemblyFasta      [100%] 1 of 1, stored: 1 ✔
[skipped  ] process > PullGtf                [100%] 1 of 1, stored: 1 ✔
[skipped  ] process > buildHISATindex        [100%] 1 of 1, stored: 1 ✔
[skipped  ] process > BuildAnnotationObjects [100%] 1 of 1, stored: 1 ✔
[skipped  ] process > PullTranscriptFasta    [100%] 1 of 1, stored: 1 ✔
[skipped  ] process > BuildKallistoIndex     [100%] 1 of 1, stored: 1 ✔
[31/252859] process > PreprocessInputs       [100%] 1 of 1, cached: 1 ✔
[ff/9ee3d5] process > InferStrandness        [100%] 113 of 113, cached: 113 ✔
[85/cd0f75] process > CompleteManifest       [100%] 1 of 1, cached: 1 ✔
[5a/4ca5e5] process > ERCC                   [ 34%] 38 of 113, cached: 38
[3f/84fb79] process > QualityUntrimmed       [100%] 113 of 113, cached: 113 ✔
[4c/c1ae45] process > Trimming               [100%] 4 of 4, cached: 4
[-        ] process > QualityTrimmed         [  0%] 0 of 4
[-        ] process > PairedEndHISAT         -
[-        ] process > BamSort                -
[-        ] process > FeatureCounts          -
[-        ] process > PrimaryAlignments      -
[-        ] process > Junctions              -
[85/b57b5b] process > TXQuantKallisto        [ 25%] 28 of 113, cached: 28
[-        ] process > CountObjects           -
[-        ] process > VariantCalls           -
[-        ] process > VariantsMerge          -
[skipping] Stored process > PullTranscriptFasta (Downloading TX FA File: gencode.v25.transcripts.fa)
[skipping] Stored process > PullGtf (Downloading GTF File: gencode.v25.annotation.gtf)
[skipping] Stored process > PullAssemblyFasta (Downloading Assembly FA File: GRCh38.primary_assembly.genome.fa)
[skipping] Stored process > BuildKallistoIndex
[skipping] Stored process > BuildAnnotationObjects
[skipping] Stored process > buildHISATindex (Building HISAT2 Index: hisat2_assembly_hg38_gencode_v25_main)

executor >  sge (4)
[skipped  ] process > PullAssemblyFasta      [100%] 1 of 1, stored: 1 ✔
[skipped  ] process > PullGtf                [100%] 1 of 1, stored: 1 ✔
[skipped  ] process > buildHISATindex        [100%] 1 of 1, stored: 1 ✔
[skipped  ] process > BuildAnnotationObjects [100%] 1 of 1, stored: 1 ✔
[skipped  ] process > PullTranscriptFasta    [100%] 1 of 1, stored: 1 ✔
[skipped  ] process > BuildKallistoIndex     [100%] 1 of 1, stored: 1 ✔
[31/252859] process > PreprocessInputs       [100%] 1 of 1, cached: 1 ✔
[ff/9ee3d5] process > InferStrandness        [100%] 113 of 113, cached: 113 ✔
[85/cd0f75] process > CompleteManifest       [100%] 1 of 1, cached: 1 ✔
[5a/4ca5e5] process > ERCC                   [ 34%] 38 of 113, cached: 38
[3f/84fb79] process > QualityUntrimmed       [100%] 113 of 113, cached: 113 ✔
[83/6bf774] process > Trimming               [100%] 5 of 5, cached: 5
[-        ] process > QualityTrimmed         [  0%] 0 of 4
[-        ] process > PairedEndHISAT         -
[-        ] process > BamSort                -
[-        ] process > FeatureCounts          -
[-        ] process > PrimaryAlignments      -
[-        ] process > Junctions              -
[85/b57b5b] process > TXQuantKallisto        [ 25%] 28 of 113, cached: 28
[-        ] process > CountObjects           -
[-        ] process > VariantCalls           -
[-        ] process > VariantsMerge          -
[skipping] Stored process > PullTranscriptFasta (Downloading TX FA File: gencode.v25.transcripts.fa)
[skipping] Stored process > PullGtf (Downloading GTF File: gencode.v25.annotation.gtf)
[skipping] Stored process > PullAssemblyFasta (Downloading Assembly FA File: GRCh38.primary_assembly.genome.fa)
[skipping] Stored process > BuildKallistoIndex
[skipping] Stored process > BuildAnnotationObjects
[skipping] Stored process > buildHISATindex (Building HISAT2 Index: hisat2_assembly_hg38_gencode_v25_main)

executor >  sge (4)
[skipped  ] process > PullAssemblyFasta      [100%] 1 of 1, stored: 1 ✔
[skipped  ] process > PullGtf                [100%] 1 of 1, stored: 1 ✔
[skipped  ] process > buildHISATindex        [100%] 1 of 1, stored: 1 ✔
[skipped  ] process > BuildAnnotationObjects [100%] 1 of 1, stored: 1 ✔
[skipped  ] process > PullTranscriptFasta    [100%] 1 of 1, stored: 1 ✔
[skipped  ] process > BuildKallistoIndex     [100%] 1 of 1, stored: 1 ✔
[31/252859] process > PreprocessInputs       [100%] 1 of 1, cached: 1 ✔
[ff/9ee3d5] process > InferStrandness        [100%] 113 of 113, cached: 113 ✔
[85/cd0f75] process > CompleteManifest       [100%] 1 of 1, cached: 1 ✔
[5a/4ca5e5] process > ERCC                   [ 34%] 38 of 113, cached: 38
[3f/84fb79] process > QualityUntrimmed       [100%] 113 of 113, cached: 113 ✔
[83/6bf774] process > Trimming               [100%] 5 of 5, cached: 5
[-        ] process > QualityTrimmed         [  0%] 0 of 5
[-        ] process > PairedEndHISAT         -
[-        ] process > BamSort                -
[-        ] process > FeatureCounts          -
[-        ] process > PrimaryAlignments      -
[-        ] process > Junctions              -
[85/b57b5b] process > TXQuantKallisto        [ 25%] 28 of 113, cached: 28
[-        ] process > CountObjects           -
[-        ] process > VariantCalls           -
[-        ] process > VariantsMerge          -







executor >  sge (5)
[skipped  ] process > PullAssemblyFasta      [100%] 1 of 1, stored: 1 ✔
[skipped  ] process > PullGtf                [100%] 1 of 1, stored: 1 ✔
[skipped  ] process > buildHISATindex        [100%] 1 of 1, stored: 1 ✔
[skipped  ] process > BuildAnnotationObjects [100%] 1 of 1, stored: 1 ✔
[skipped  ] process > PullTranscriptFasta    [100%] 1 of 1, stored: 1 ✔
[skipped  ] process > BuildKallistoIndex     [100%] 1 of 1, stored: 1 ✔
[31/252859] process > PreprocessInputs       [100%] 1 of 1, cached: 1 ✔
[ff/9ee3d5] process > InferStrandness        [100%] 113 of 113, cached: 113 ✔
[85/cd0f75] process > CompleteManifest       [100%] 1 of 1, cached: 1 ✔
[5a/4ca5e5] process > ERCC                   [ 34%] 38 of 113, cached: 38
[3f/84fb79] process > QualityUntrimmed       [100%] 113 of 113, cached: 113 ✔
[83/6bf774] process > Trimming               [100%] 5 of 5, cached: 5
[-        ] process > QualityTrimmed         [  0%] 0 of 5
[-        ] process > PairedEndHISAT         -
[-        ] process > BamSort                -
[-        ] process > FeatureCounts          -
[-        ] process > PrimaryAlignments      -
[-        ] process > Junctions              -
[99/edc172] process > TXQuantKallisto        [ 25%] 28 of 113, cached: 28
[-        ] process > CountObjects           -
[-        ] process > VariantCalls           -
[-        ] process > VariantsMerge          -







executor >  sge (5)
[skipped  ] process > PullAssemblyFasta      [100%] 1 of 1, stored: 1 ✔
[skipped  ] process > PullGtf                [100%] 1 of 1, stored: 1 ✔
[skipped  ] process > buildHISATindex        [100%] 1 of 1, stored: 1 ✔
[skipped  ] process > BuildAnnotationObjects [100%] 1 of 1, stored: 1 ✔
[skipped  ] process > PullTranscriptFasta    [100%] 1 of 1, stored: 1 ✔
[skipped  ] process > BuildKallistoIndex     [100%] 1 of 1, stored: 1 ✔
[31/252859] process > PreprocessInputs       [100%] 1 of 1, cached: 1 ✔
[ff/9ee3d5] process > InferStrandness        [100%] 113 of 113, cached: 113 ✔
[85/cd0f75] process > CompleteManifest       [100%] 1 of 1, cached: 1 ✔
[5a/4ca5e5] process > ERCC                   [ 34%] 38 of 113, cached: 38
[3f/84fb79] process > QualityUntrimmed       [100%] 113 of 113, cached: 113 ✔
[71/26c568] process > Trimming               [100%] 7 of 7, cached: 7
[-        ] process > QualityTrimmed         [  0%] 0 of 5
[-        ] process > PairedEndHISAT         -
[-        ] process > BamSort                -
[-        ] process > FeatureCounts          -
[-        ] process > PrimaryAlignments      -
[-        ] process > Junctions              -
[99/edc172] process > TXQuantKallisto        [ 25%] 28 of 113, cached: 28
[-        ] process > CountObjects           -
[-        ] process > VariantCalls           -
[-        ] process > VariantsMerge          -

